# JRE version: OpenJDK Runtime Environment (8.0_112-b06) (build 1.8.0_112-release-b06)
# Java VM: OpenJDK 64-Bit Server VM (25.112-b06 mixed mode windows-amd64 compressed oops)
Heap:
 PSYoungGen      total 436736K, used 262288K [0x00000000e0000000, 0x00000000fc400000, 0x0000000100000000)
  eden space 410624K, 57% used [0x00000000e0000000,0x00000000ee6a7cf8,0x00000000f9100000)
  from space 26112K, 99% used [0x00000000f9100000,0x00000000faa7c5b8,0x00000000faa80000)
  to   space 25600K, 0% used [0x00000000fab00000,0x00000000fab00000,0x00000000fc400000)
 ParOldGen       total 138240K, used 109257K [0x00000000a0000000, 0x00000000a8700000, 0x00000000e0000000)
  object space 138240K, 79% used [0x00000000a0000000,0x00000000a6ab2560,0x00000000a8700000)
 Metaspace       used 83013K, capacity 87992K, committed 88344K, reserved 1126400K
  class space    used 10359K, capacity 11178K, committed 11288K, reserved 1048576K
GC Heap History (10 events):
Event: 6697.415 GC heap before
{Heap before GC invocations=54 (full 5):
 PSYoungGen      total 328192K, used 311603K [0x00000000e0000000, 0x00000000f6180000, 0x0000000100000000)
  eden space 301568K, 100% used [0x00000000e0000000,0x00000000f2680000,0x00000000f2680000)
  from space 26624K, 37% used [0x00000000f4780000,0x00000000f514cd00,0x00000000f6180000)
  to   space 30208K, 0% used [0x00000000f2680000,0x00000000f2680000,0x00000000f4400000)
 ParOldGen       total 138240K, used 76956K [0x00000000a0000000, 0x00000000a8700000, 0x00000000e0000000)
  object space 138240K, 55% used [0x00000000a0000000,0x00000000a4b27110,0x00000000a8700000)
 Metaspace       used 81247K, capacity 86004K, committed 86040K, reserved 1124352K
  class space    used 10194K, capacity 10999K, committed 11032K, reserved 1048576K
Event: 6697.509 GC heap after
Heap after GC invocations=54 (full 5):
 PSYoungGen      total 331776K, used 7504K [0x00000000e0000000, 0x00000000f8f80000, 0x0000000100000000)
  eden space 301568K, 0% used [0x00000000e0000000,0x00000000e0000000,0x00000000f2680000)
  from space 30208K, 24% used [0x00000000f2680000,0x00000000f2dd4098,0x00000000f4400000)
  to   space 29184K, 0% used [0x00000000f7300000,0x00000000f7300000,0x00000000f8f80000)
 ParOldGen       total 138240K, used 77444K [0x00000000a0000000, 0x00000000a8700000, 0x00000000e0000000)
  object space 138240K, 56% used [0x00000000a0000000,0x00000000a4ba1140,0x00000000a8700000)
 Metaspace       used 81247K, capacity 86004K, committed 86040K, reserved 1124352K
  class space    used 10194K, capacity 10999K, committed 11032K, reserved 1048576K
}
Event: 6699.731 GC heap before
{Heap before GC invocations=55 (full 5):
 PSYoungGen      total 331776K, used 309072K [0x00000000e0000000, 0x00000000f8f80000, 0x0000000100000000)
  eden space 301568K, 100% used [0x00000000e0000000,0x00000000f2680000,0x00000000f2680000)
  from space 30208K, 24% used [0x00000000f2680000,0x00000000f2dd4098,0x00000000f4400000)
  to   space 29184K, 0% used [0x00000000f7300000,0x00000000f7300000,0x00000000f8f80000)
 ParOldGen       total 138240K, used 77444K [0x00000000a0000000, 0x00000000a8700000, 0x00000000e0000000)
  object space 138240K, 56% used [0x00000000a0000000,0x00000000a4ba1140,0x00000000a8700000)
 Metaspace       used 81268K, capacity 86008K, committed 86296K, reserved 1124352K
  class space    used 10194K, capacity 10999K, committed 11032K, reserved 1048576K
Event: 6699.830 GC heap after
Heap after GC invocations=55 (full 5):
 PSYoungGen      total 380416K, used 3939K [0x00000000e0000000, 0x00000000f9280000, 0x0000000100000000)
  eden space 351232K, 0% used [0x00000000e0000000,0x00000000e0000000,0x00000000f5700000)
  from space 29184K, 13% used [0x00000000f7300000,0x00000000f76d8ea8,0x00000000f8f80000)
  to   space 28672K, 0% used [0x00000000f5700000,0x00000000f5700000,0x00000000f7300000)
 ParOldGen       total 138240K, used 82786K [0x00000000a0000000, 0x00000000a8700000, 0x00000000e0000000)
  object space 138240K, 59% used [0x00000000a0000000,0x00000000a50d8ac8,0x00000000a8700000)
 Metaspace       used 81268K, capacity 86008K, committed 86296K, reserved 1124352K
  class space    used 10194K, capacity 10999K, committed 11032K, reserved 1048576K
}
Event: 6787.136 GC heap before
{Heap before GC invocations=56 (full 5):
 PSYoungGen      total 380416K, used 354555K [0x00000000e0000000, 0x00000000f9280000, 0x0000000100000000)
  eden space 351232K, 99% used [0x00000000e0000000,0x00000000f5665dc8,0x00000000f5700000)
  from space 29184K, 13% used [0x00000000f7300000,0x00000000f76d8ea8,0x00000000f8f80000)
  to   space 28672K, 0% used [0x00000000f5700000,0x00000000f5700000,0x00000000f7300000)
 ParOldGen       total 138240K, used 82786K [0x00000000a0000000, 0x00000000a8700000, 0x00000000e0000000)
  object space 138240K, 59% used [0x00000000a0000000,0x00000000a50d8ac8,0x00000000a8700000)
 Metaspace       used 81751K, capacity 86662K, committed 86936K, reserved 1124352K
  class space    used 10259K, capacity 11064K, committed 11160K, reserved 1048576K
Event: 6787.159 GC heap after
Heap after GC invocations=56 (full 5):
 PSYoungGen      total 379904K, used 10874K [0x00000000e0000000, 0x00000000fc580000, 0x0000000100000000)
  eden space 351232K, 0% used [0x00000000e0000000,0x00000000e0000000,0x00000000f5700000)
  from space 28672K, 37% used [0x00000000f5700000,0x00000000f619ebe0,0x00000000f7300000)
  to   space 27136K, 0% used [0x00000000fab00000,0x00000000fab00000,0x00000000fc580000)
 ParOldGen       total 138240K, used 82970K [0x00000000a0000000, 0x00000000a8700000, 0x00000000e0000000)
  object space 138240K, 60% used [0x00000000a0000000,0x00000000a5106ac8,0x00000000a8700000)
 Metaspace       used 81751K, capacity 86662K, committed 86936K, reserved 1124352K
  class space    used 10259K, capacity 11064K, committed 11160K, reserved 1048576K
}
Event: 6835.705 GC heap before
{Heap before GC invocations=57 (full 5):
 PSYoungGen      total 379904K, used 362106K [0x00000000e0000000, 0x00000000fc580000, 0x0000000100000000)
  eden space 351232K, 100% used [0x00000000e0000000,0x00000000f5700000,0x00000000f5700000)
  from space 28672K, 37% used [0x00000000f5700000,0x00000000f619ebe0,0x00000000f7300000)
  to   space 27136K, 0% used [0x00000000fab00000,0x00000000fab00000,0x00000000fc580000)
 ParOldGen       total 138240K, used 82970K [0x00000000a0000000, 0x00000000a8700000, 0x00000000e0000000)
  object space 138240K, 60% used [0x00000000a0000000,0x00000000a5106ac8,0x00000000a8700000)
 Metaspace       used 82904K, capacity 87864K, committed 88088K, reserved 1126400K
  class space    used 10356K, capacity 11178K, committed 11288K, reserved 1048576K
Event: 6836.716 GC heap after
Heap after GC invocations=57 (full 5):
 PSYoungGen      total 436224K, used 12882K [0x00000000e0000000, 0x00000000fc400000, 0x0000000100000000)
  eden space 410624K, 0% used [0x00000000e0000000,0x00000000e0000000,0x00000000f9100000)
  from space 25600K, 50% used [0x00000000fab00000,0x00000000fb7948f8,0x00000000fc400000)
  to   space 26112K, 0% used [0x00000000f9100000,0x00000000f9100000,0x00000000faa80000)
 ParOldGen       total 138240K, used 87818K [0x00000000a0000000, 0x00000000a8700000, 0x00000000e0000000)
  object space 138240K, 63% used [0x00000000a0000000,0x00000000a55c2b38,0x00000000a8700000)
 Metaspace       used 82904K, capacity 87864K, committed 88088K, reserved 1126400K
  class space    used 10356K, capacity 11178K, committed 11288K, reserved 1048576K
}
Event: 6862.137 GC heap before
{Heap before GC invocations=58 (full 5):
 PSYoungGen      total 436224K, used 423506K [0x00000000e0000000, 0x00000000fc400000, 0x0000000100000000)
  eden space 410624K, 100% used [0x00000000e0000000,0x00000000f9100000,0x00000000f9100000)
  from space 25600K, 50% used [0x00000000fab00000,0x00000000fb7948f8,0x00000000fc400000)
  to   space 26112K, 0% used [0x00000000f9100000,0x00000000f9100000,0x00000000faa80000)
 ParOldGen       total 138240K, used 87818K [0x00000000a0000000, 0x00000000a8700000, 0x00000000e0000000)
  object space 138240K, 63% used [0x00000000a0000000,0x00000000a55c2b38,0x00000000a8700000)
 Metaspace       used 82988K, capacity 87992K, committed 88344K, reserved 1126400K
  class space    used 10359K, capacity 11178K, committed 11288K, reserved 1048576K
Event: 6864.817 GC heap after
Heap after GC invocations=58 (full 5):
 PSYoungGen      total 436736K, used 26097K [0x00000000e0000000, 0x00000000fc400000, 0x0000000100000000)
  eden space 410624K, 0% used [0x00000000e0000000,0x00000000e0000000,0x00000000f9100000)
  from space 26112K, 99% used [0x00000000f9100000,0x00000000faa7c5b8,0x00000000faa80000)
  to   space 25600K, 0% used [0x00000000fab00000,0x00000000fab00000,0x00000000fc400000)
 ParOldGen       total 138240K, used 109257K [0x00000000a0000000, 0x00000000a8700000, 0x00000000e0000000)
  object space 138240K, 79% used [0x00000000a0000000,0x00000000a6ab2560,0x00000000a8700000)
 Metaspace       used 82988K, capacity 87992K, committed 88344K, reserved 1126400K
  class space    used 10359K, capacity 11178K, committed 11288K, reserved 1048576K
}

